{
  "RSpec": {
    "coverage": {
      "/home/sahil/graphql_api/config/environment.rb": {
        "lines": [
          null,
          1,
          null,
          null,
          1
        ]
      },
      "/home/sahil/graphql_api/config/application.rb": {
        "lines": [
          1,
          null,
          1,
          null,
          null,
          null,
          1,
          null,
          1,
          1,
          1,
          1,
          null,
          null,
          null,
          30,
          30,
          30,
          null,
          null,
          1,
          null,
          null,
          null,
          null,
          1,
          null,
          null,
          null,
          null,
          null,
          null,
          null,
          null,
          null,
          null,
          null,
          null,
          1,
          null,
          null
        ]
      },
      "/home/sahil/graphql_api/config/boot.rb": {
        "lines": [
          1,
          null,
          1,
          1
        ]
      },
      "/home/sahil/graphql_api/config/environments/test.rb": {
        "lines": [
          null,
          null,
          null,
          null,
          null,
          1,
          null,
          null,
          null,
          1,
          null,
          null,
          null,
          null,
          null,
          1,
          null,
          null,
          1,
          null,
          null,
          1,
          1,
          null,
          null,
          1,
          null,
          null,
          1,
          null,
          null,
          1,
          null,
          null,
          null,
          null,
          1,
          null,
          null,
          1,
          null,
          null,
          1,
          null,
          null,
          null,
          null,
          null,
          null,
          null,
          null,
          1,
          null
        ]
      },
      "/home/sahil/graphql_api/config/initializers/cors.rb": {
        "lines": [
          null,
          null,
          null,
          null,
          null,
          null,
          null,
          null,
          null,
          null,
          null,
          null,
          null,
          null,
          null,
          null
        ]
      },
      "/home/sahil/graphql_api/config/initializers/filter_parameter_logging.rb": {
        "lines": [
          null,
          null,
          null,
          null,
          null,
          1,
          null,
          null
        ]
      },
      "/home/sahil/graphql_api/config/initializers/inflections.rb": {
        "lines": [
          null,
          null,
          null,
          null,
          null,
          null,
          null,
          null,
          null,
          null,
          null,
          null,
          null,
          null,
          null,
          null
        ]
      },
      "/home/sahil/graphql_api/spec/factories/users.rb": {
        "lines": [
          1,
          1,
          1,
          2,
          null,
          null
        ]
      },
      "/home/sahil/graphql_api/spec/users_query_spec.rb": {
        "lines": [
          1,
          2,
          null,
          1,
          1,
          null,
          null,
          null,
          null,
          null,
          null,
          null,
          null,
          null,
          1,
          1,
          null,
          1,
          null,
          1,
          1,
          null,
          null
        ]
      },
      "/home/sahil/graphql_api/app/models/user.rb": {
        "lines": [
          1,
          1,
          null
        ]
      },
      "/home/sahil/graphql_api/app/models/application_record.rb": {
        "lines": [
          1,
          1,
          null
        ]
      },
      "/home/sahil/graphql_api/app/graphql/graphql_api_schema.rb": {
        "lines": [
          null,
          null,
          1,
          1,
          1,
          null,
          null,
          1,
          null,
          null,
          1,
          null,
          null,
          null,
          null,
          0,
          null,
          null,
          null,
          1,
          null,
          null,
          0,
          null,
          null,
          null,
          1,
          null,
          null,
          1,
          null,
          null,
          null,
          null,
          1,
          null,
          0,
          null,
          null,
          null,
          1,
          null,
          0,
          null,
          null
        ]
      },
      "/home/sahil/graphql_api/app/graphql/types/mutation_type.rb": {
        "lines": [
          null,
          null,
          1,
          1,
          null,
          1,
          null,
          1,
          0,
          null,
          null,
          null
        ]
      },
      "/home/sahil/graphql_api/app/graphql/types/base_object.rb": {
        "lines": [
          null,
          null,
          1,
          1,
          1,
          1,
          1,
          null,
          null
        ]
      },
      "/home/sahil/graphql_api/app/graphql/types/base_edge.rb": {
        "lines": [
          null,
          null,
          1,
          1,
          null,
          1,
          null,
          null
        ]
      },
      "/home/sahil/graphql_api/app/graphql/types/base_connection.rb": {
        "lines": [
          null,
          null,
          1,
          1,
          null,
          1,
          null,
          null
        ]
      },
      "/home/sahil/graphql_api/app/graphql/types/base_field.rb": {
        "lines": [
          null,
          null,
          1,
          1,
          1,
          null,
          null
        ]
      },
      "/home/sahil/graphql_api/app/graphql/types/base_argument.rb": {
        "lines": [
          null,
          null,
          1,
          1,
          null,
          null
        ]
      },
      "/home/sahil/graphql_api/app/graphql/types/query_type.rb": {
        "lines": [
          null,
          null,
          1,
          1,
          1,
          1,
          null,
          1,
          1,
          0,
          null,
          null,
          1,
          1,
          null,
          1,
          0,
          null,
          null,
          null,
          1,
          1,
          null,
          null,
          1,
          0,
          null,
          null,
          1,
          1,
          null,
          null,
          1,
          1,
          null,
          1,
          0,
          null,
          null,
          null,
          null,
          null,
          null,
          1,
          null,
          1,
          0,
          null,
          null,
          null
        ]
      },
      "/home/sahil/graphql_api/app/graphql/types/node_type.rb": {
        "lines": [
          null,
          null,
          1,
          1,
          1,
          null,
          1,
          null,
          null
        ]
      },
      "/home/sahil/graphql_api/app/graphql/types/base_interface.rb": {
        "lines": [
          null,
          null,
          1,
          1,
          1,
          1,
          1,
          null,
          1,
          null,
          null
        ]
      },
      "/home/sahil/graphql_api/app/graphql/resolvers/users_resolver.rb": {
        "lines": [
          null,
          1,
          1,
          1,
          null,
          1,
          1,
          null,
          null,
          null
        ]
      },
      "/home/sahil/graphql_api/app/graphql/resolvers/base_resolver.rb": {
        "lines": [
          null,
          null,
          1,
          1,
          null,
          null
        ]
      },
      "/home/sahil/graphql_api/app/graphql/types/user_type.rb": {
        "lines": [
          null,
          null,
          1,
          1,
          1,
          1,
          1,
          1,
          1,
          null,
          null
        ]
      },
      "/home/sahil/graphql_api/app/graphql/types/post_type.rb": {
        "lines": [
          null,
          null,
          1,
          1,
          1,
          1,
          1,
          1,
          1,
          1,
          null,
          null
        ]
      },
      "/home/sahil/graphql_api/app/models/post.rb": {
        "lines": [
          1,
          1,
          null
        ]
      }
    },
    "timestamp": 1775791524
  }
}
